I, [2017-02-18T22:00:19.506740 #60809]  INFO -- default-windows2012r2-windowsonly: -----> Creating <default-windows2012r2-windowsonly>...
I, [2017-02-18T22:00:21.572833 #60809]  INFO -- default-windows2012r2-windowsonly: Bringing machine 'default' up with 'virtualbox' provider...
I, [2017-02-18T22:00:22.086042 #60809]  INFO -- default-windows2012r2-windowsonly: ==> default: Cloning VM...
I, [2017-02-18T22:00:22.399123 #60809]  INFO -- default-windows2012r2-windowsonly: [K==> default: Matching MAC address for NAT networking...
I, [2017-02-18T22:00:23.105474 #60809]  INFO -- default-windows2012r2-windowsonly: ==> default: Setting the name of the VM: kitchen-windows_hardening-default-windows2012r2-windowsonly_default_1487419223057_32087
I, [2017-02-18T22:00:23.246429 #60809]  INFO -- default-windows2012r2-windowsonly: ==> default: Clearing any previously set forwarded ports...
I, [2017-02-18T22:00:23.814531 #60809]  INFO -- default-windows2012r2-windowsonly: ==> default: Clearing any previously set network interfaces...
I, [2017-02-18T22:00:23.868959 #60809]  INFO -- default-windows2012r2-windowsonly: ==> default: Preparing network interfaces based on configuration...
I, [2017-02-18T22:00:23.869441 #60809]  INFO -- default-windows2012r2-windowsonly:     default: Adapter 1: nat
I, [2017-02-18T22:00:23.925448 #60809]  INFO -- default-windows2012r2-windowsonly: ==> default: Forwarding ports...
I, [2017-02-18T22:00:24.006444 #60809]  INFO -- default-windows2012r2-windowsonly:     default: 3389 (guest) => 3389 (host) (adapter 1)
I, [2017-02-18T22:00:24.006800 #60809]  INFO -- default-windows2012r2-windowsonly:     default: 5985 (guest) => 5985 (host) (adapter 1)
I, [2017-02-18T22:00:24.007171 #60809]  INFO -- default-windows2012r2-windowsonly:     default: 5986 (guest) => 55986 (host) (adapter 1)
I, [2017-02-18T22:00:24.007580 #60809]  INFO -- default-windows2012r2-windowsonly:     default: 22 (guest) => 2222 (host) (adapter 1)
I, [2017-02-18T22:00:24.164561 #60809]  INFO -- default-windows2012r2-windowsonly: ==> default: Running 'pre-boot' VM customizations...
I, [2017-02-18T22:00:24.329356 #60809]  INFO -- default-windows2012r2-windowsonly: ==> default: Booting VM...
I, [2017-02-18T22:00:25.613090 #60809]  INFO -- default-windows2012r2-windowsonly: ==> default: Waiting for machine to boot. This may take a few minutes...
I, [2017-02-18T22:00:26.411719 #60809]  INFO -- default-windows2012r2-windowsonly:     default: WinRM address: 127.0.0.1:5985
I, [2017-02-18T22:00:26.411820 #60809]  INFO -- default-windows2012r2-windowsonly:     default: WinRM username: packer
I, [2017-02-18T22:00:26.411999 #60809]  INFO -- default-windows2012r2-windowsonly:     default: WinRM execution_time_limit: PT2H
I, [2017-02-18T22:00:26.412210 #60809]  INFO -- default-windows2012r2-windowsonly:     default: WinRM transport: negotiate
I, [2017-02-18T22:00:48.684570 #60809]  INFO -- default-windows2012r2-windowsonly: ==> default: Machine booted and ready!
I, [2017-02-18T22:00:48.685016 #60809]  INFO -- default-windows2012r2-windowsonly: ==> default: Checking for guest additions in VM...
I, [2017-02-18T22:00:48.736525 #60809]  INFO -- default-windows2012r2-windowsonly:     default: The guest additions on this VM do not match the installed version of
I, [2017-02-18T22:00:48.736583 #60809]  INFO -- default-windows2012r2-windowsonly:     default: VirtualBox! In most cases this is fine, but in rare cases it can
I, [2017-02-18T22:00:48.736601 #60809]  INFO -- default-windows2012r2-windowsonly:     default: prevent things such as shared folders from working properly. If you see
I, [2017-02-18T22:00:48.736619 #60809]  INFO -- default-windows2012r2-windowsonly:     default: shared folder errors, please make sure the guest additions within the
I, [2017-02-18T22:00:48.736671 #60809]  INFO -- default-windows2012r2-windowsonly:     default: virtual machine match the version of VirtualBox you have installed on
I, [2017-02-18T22:00:48.736688 #60809]  INFO -- default-windows2012r2-windowsonly:     default: your host and reload your VM.
I, [2017-02-18T22:00:48.736701 #60809]  INFO -- default-windows2012r2-windowsonly:     default: 
I, [2017-02-18T22:00:48.736729 #60809]  INFO -- default-windows2012r2-windowsonly:     default: Guest Additions Version: 5.0.30
I, [2017-02-18T22:00:48.736747 #60809]  INFO -- default-windows2012r2-windowsonly:     default: VirtualBox Version: 5.1
I, [2017-02-18T22:00:48.737008 #60809]  INFO -- default-windows2012r2-windowsonly: ==> default: Setting hostname...
